c:\users\user\source\repos\c++ work\c++ work\debug\vc142.pdb
c:\users\user\source\repos\c++ work\c++ work\debug\vc142.idb
c:\users\user\source\repos\c++ work\c++ work\debug\videostatus.obj
c:\users\user\source\repos\c++ work\c++ work\debug\userfunctions.obj
c:\users\user\source\repos\c++ work\c++ work\debug\textstatus.obj
c:\users\user\source\repos\c++ work\c++ work\debug\statusobject.obj
c:\users\user\source\repos\c++ work\c++ work\debug\member.obj
c:\users\user\source\repos\c++ work\c++ work\debug\main.obj
c:\users\user\source\repos\c++ work\c++ work\debug\imagestatus.obj
c:\users\user\source\repos\c++ work\c++ work\debug\fanpage.obj
c:\users\user\source\repos\c++ work\c++ work\debug\facebookentity.obj
c:\users\user\source\repos\c++ work\c++ work\debug\facebook.obj
c:\users\user\source\repos\c++ work\c++ work\debug\date.obj
c:\users\user\source\repos\c++ work\c++ work\debug\clock.obj
c:\users\user\source\repos\c++ work\debug\c++ work.exe
c:\users\user\source\repos\c++ work\c++ work\debug\c++ work.ilk
c:\users\user\source\repos\c++ work\debug\c++ work.pdb
c:\users\user\source\repos\c++ work\c++ work\debug\c++ work.tlog\cl.command.1.tlog
c:\users\user\source\repos\c++ work\c++ work\debug\c++ work.tlog\cl.read.1.tlog
c:\users\user\source\repos\c++ work\c++ work\debug\c++ work.tlog\cl.write.1.tlog
c:\users\user\source\repos\c++ work\c++ work\debug\c++ work.tlog\link.command.1.tlog
c:\users\user\source\repos\c++ work\c++ work\debug\c++ work.tlog\link.read.1.tlog
c:\users\user\source\repos\c++ work\c++ work\debug\c++ work.tlog\link.write.1.tlog
